c:\users\talha\desktop\c++\testgame\gameengine\obj\gameengine.pch
c:\users\talha\desktop\c++\testgame\gameengine\obj\vc142.pdb
c:\users\talha\desktop\c++\testgame\gameengine\obj\vc142.idb
c:\users\talha\desktop\c++\testgame\gameengine\obj\hunterapp.obj
c:\users\talha\desktop\c++\testgame\gameengine\obj\pch.obj
c:\users\talha\desktop\c++\testgame\gameengine\obj\windowswindow.obj
c:\users\talha\desktop\c++\testgame\gameengine\obj\openglshader.obj
c:\users\talha\desktop\c++\testgame\gameengine\obj\sprite.obj
c:\users\talha\desktop\c++\testgame\gameengine\obj\openglimplementation.obj
c:\users\talha\desktop\c++\testgame\gameengine\obj\renderer.obj
c:\users\talha\desktop\c++\testgame\gameengine\obj\keyboardevents.obj
c:\users\talha\desktop\c++\testgame\gameengine\obj\event.obj
c:\users\talha\desktop\c++\testgame\x64\debug\gameengine.lib
c:\users\talha\desktop\c++\testgame\x64\debug\gameengine.exp
c:\users\talha\desktop\c++\testgame\debug\gameengine.lib
c:\users\talha\desktop\c++\testgame\debug\gameengine.exp
c:\users\talha\desktop\c++\testgame\debug\gameengine.dll
c:\users\talha\desktop\c++\testgame\debug\gameengine.ilk
c:\users\talha\desktop\c++\testgame\debug\gameengine.pdb
c:\users\talha\desktop\c++\testgame\gameengine\obj\gameengine.tlog\cl.command.1.tlog
c:\users\talha\desktop\c++\testgame\gameengine\obj\gameengine.tlog\cl.read.1.tlog
c:\users\talha\desktop\c++\testgame\gameengine\obj\gameengine.tlog\cl.write.1.tlog
c:\users\talha\desktop\c++\testgame\gameengine\obj\gameengine.tlog\gameengine.write.1u.tlog
c:\users\talha\desktop\c++\testgame\gameengine\obj\gameengine.tlog\link.11556.delete.1.tlog
c:\users\talha\desktop\c++\testgame\gameengine\obj\gameengine.tlog\link.12572.delete.1.tlog
c:\users\talha\desktop\c++\testgame\gameengine\obj\gameengine.tlog\link.12952.delete.1.tlog
c:\users\talha\desktop\c++\testgame\gameengine\obj\gameengine.tlog\link.13688.delete.1.tlog
c:\users\talha\desktop\c++\testgame\gameengine\obj\gameengine.tlog\link.13968.delete.1.tlog
c:\users\talha\desktop\c++\testgame\gameengine\obj\gameengine.tlog\link.16856.delete.1.tlog
c:\users\talha\desktop\c++\testgame\gameengine\obj\gameengine.tlog\link.19024.delete.1.tlog
c:\users\talha\desktop\c++\testgame\gameengine\obj\gameengine.tlog\link.284.delete.1.tlog
c:\users\talha\desktop\c++\testgame\gameengine\obj\gameengine.tlog\link.5236.delete.1.tlog
c:\users\talha\desktop\c++\testgame\gameengine\obj\gameengine.tlog\link.6600.delete.1.tlog
c:\users\talha\desktop\c++\testgame\gameengine\obj\gameengine.tlog\link.7820.delete.1.tlog
c:\users\talha\desktop\c++\testgame\gameengine\obj\gameengine.tlog\link.8412.delete.1.tlog
c:\users\talha\desktop\c++\testgame\gameengine\obj\gameengine.tlog\link.9528.delete.1.tlog
c:\users\talha\desktop\c++\testgame\gameengine\obj\gameengine.tlog\link.command.1.tlog
c:\users\talha\desktop\c++\testgame\gameengine\obj\gameengine.tlog\link.delete.1.tlog
c:\users\talha\desktop\c++\testgame\gameengine\obj\gameengine.tlog\link.read.1.tlog
c:\users\talha\desktop\c++\testgame\gameengine\obj\gameengine.tlog\link.write.1.tlog
